
[2020-03-18 17:14:59]DC-08 [7839] updated in the master list - MSG RECEIVED - Status 00 (Everything Is Okay)
[2020-03-18 17:14:59]DC-08 [7839] updated in the master list - MSG RECEIVED - Status 00 (Everything Is Okay)
[2020-03-18 17:14:59]DC-08 [7839] updated in the master list - MSG RECEIVED - Status 00 (Everything Is Okay)
[2020-03-18 17:14:59]DC-08 [7839] updated in the master list - MSG RECEIVED - Status 00 (Everything Is Okay)
[2020-03-18 17:14:59]DC-08 [7839] updated in the master list - MSG RECEIVED - Status 00 (Everything Is Okay)
[2020-03-18 17:14:59]DC-08 [7839] updated in the master list - MSG RECEIVED - Status 00 (Everything Is Okay)
[2020-03-18 17:14:59]DC-08 [7839] updated in the master list - MSG RECEIVED - Status 00 (Everything Is Okay)
[2020-03-18 17:14:59]DC-08 [7839] updated in the master list - MSG RECEIVED - Status 00 (Everything Is Okay)
[2020-03-18 17:14:59]DC-08 [7839] updated in the master list - MSG RECEIVED - Status 00 (Everything Is Okay)
[2020-03-18 17:14:59]DC-08 [7839] updated in the master list - MSG RECEIVED - Status 00 (Everything Is Okay)
[2020-03-18 17:14:59]DC-07 [7839] added to the master list - NEW DC -Status 0 (Everthing is OKAY)
[2020-03-18 17:15:01]DC-10 [7844] updated in the master list - MSG RECEIVED - Status 00 (Everything Is Okay)
[2020-03-18 17:15:01]DC-10 [7844] updated in the master list - MSG RECEIVED - Status 00 (Everything Is Okay)
[2020-03-18 17:15:01]DC-10 [7844] updated in the master list - MSG RECEIVED - Status 00 (Everything Is Okay)
[2020-03-18 17:15:01]DC-10 [7844] updated in the master list - MSG RECEIVED - Status 00 (Everything Is Okay)
[2020-03-18 17:15:01]DC-10 [7844] updated in the master list - MSG RECEIVED - Status 00 (Everything Is Okay)
[2020-03-18 17:15:01]DC-10 [7844] updated in the master list - MSG RECEIVED - Status 00 (Everything Is Okay)
[2020-03-18 17:15:01]DC-10 [7844] updated in the master list - MSG RECEIVED - Status 00 (Everything Is Okay)
[2020-03-18 17:15:01]DC-10 [7844] updated in the master list - MSG RECEIVED - Status 00 (Everything Is Okay)
[2020-03-18 17:15:01]DC-10 [7844] updated in the master list - MSG RECEIVED - Status 00 (Everything Is Okay)
[2020-03-18 17:15:01]DC-10 [7844] updated in the master list - MSG RECEIVED - Status 00 (Everything Is Okay)
[2020-03-18 17:15:01]DC-09 [7844] added to the master list - NEW DC -Status 0 (Everthing is OKAY)
[2020-03-18 17:15:02]DC-00 [7771] updated in the master list - MSG RECEIVED - Status 04 (Operating Temperature Out of Range)
[2020-03-18 17:15:02]DC-00 [7771] updated in the master list - MSG RECEIVED - Status 04 (Operating Temperature Out of Range)
[2020-03-18 17:15:02]DC-00 [7771] updated in the master list - MSG RECEIVED - Status 04 (Operating Temperature Out of Range)
[2020-03-18 17:15:02]DC-00 [7771] updated in the master list - MSG RECEIVED - Status 04 (Operating Temperature Out of Range)
[2020-03-18 17:15:02]DC-00 [7771] updated in the master list - MSG RECEIVED - Status 04 (Operating Temperature Out of Range)
[2020-03-18 17:15:02]DC-00 [7771] updated in the master list - MSG RECEIVED - Status 04 (Operating Temperature Out of Range)
[2020-03-18 17:15:02]DC-00 [7771] updated in the master list - MSG RECEIVED - Status 04 (Operating Temperature Out of Range)
[2020-03-18 17:15:02]DC-00 [7771] updated in the master list - MSG RECEIVED - Status 04 (Operating Temperature Out of Range)
[2020-03-18 17:15:02]DC-00 [7771] updated in the master list - MSG RECEIVED - Status 04 (Operating Temperature Out of Range)
[2020-03-18 17:15:02]DC-00 [7771] updated in the master list - MSG RECEIVED - Status 04 (Operating Temperature Out of Range)
[2020-03-18 17:15:04]DC-11 [7786] updated in the master list - MSG RECEIVED - Status 01 (Hydraulic Pressure Failure)
[2020-03-18 17:15:04]DC-11 [7786] updated in the master list - MSG RECEIVED - Status 01 (Hydraulic Pressure Failure)
[2020-03-18 17:15:04]DC-11 [7786] updated in the master list - MSG RECEIVED - Status 01 (Hydraulic Pressure Failure)
[2020-03-18 17:15:04]DC-11 [7786] updated in the master list - MSG RECEIVED - Status 01 (Hydraulic Pressure Failure)
[
[2020-03-18 17:15:23]DC-00 [7870] updated in the master list - MSG RECEIVED - Status 00 (Everything Is Okay)
[2020-03-18 17:15:23]DC-00 [7870] updated in the master list - MSG RECEIVED - Status 00 (Everything Is Okay)
[2020-03-18 17:15:23]DC-00 [7870] updated in the master list - MSG RECEIVED - Status 00 (Everything Is Okay)
[2020-03-18 17:15:23]DC-00 [7870] updated in the master list - MSG RECEIVED - Status 00 (Everything Is Okay)
[2020-03-18 17:15:23]DC-00 [7870] updated in the master list - MSG RECEIVED - Status 00 (Everything Is Okay)
[2020-03-18 17:15:23]DC-00 [7870] updated in the master list - MSG RECEIVED - Status 00 (Everything Is Okay)
[2020-03-18 17:15:23]DC-00 [7870] updated in the master list - MSG RECEIVED - Status 00 (Everything Is Okay)
[2020-03-18 17:15:23]DC-00 [7870] updated in the master list - MSG RECEIVED - Status 00 (Everything Is Okay)
[2020-03-18 17:15:23]DC-00 [7870] updated in the master list - MSG RECEIVED - Status 00 (Everything Is Okay)
[2020-03-18 17:15:23]DC-00 [7870] updated in the master list - MSG RECEIVED - Status 00 (Everything Is Okay)
[2020-03-18 17:15:23]DC-00 [7870] added to the master list - NEW DC -Status 0 (Everthing is OKAY)
[2020-03-18 17:15:25]DC-02 [7872] updated in the master list - MSG RECEIVED - Status 00 (Everything Is Okay)
[2020-03-18 17:15:25]DC-02 [7872] updated in the master list - MSG RECEIVED - Status 00 (Everything Is Okay)
[2020-03-18 17:15:25]DC-02 [7872] updated in the master list - MSG RECEIVED - Status 00 (Everything Is Okay)
[2020-03-18 17:15:25]DC-02 [7872] updated in the master list - MSG RECEIVED - Status 00 (Everything Is Okay)
[2020-03-18 17:15:25]DC-02 [7872] updated in the master list - MSG RECEIVED - Status 00 (Everything Is Okay)
[2020-03-18 17:15:25]DC-02 [7872] updated in the master list - MSG RECEIVED - Status 00 (Everything Is Okay)
[2020-03-18 17:15:25]DC-02 [7872] updated in the master list - MSG RECEIVED - Status 00 (Everything Is Okay)
[2020-03-18 17:15:25]DC-02 [7872] updated in the master list - MSG RECEIVED - Status 00 (Everything Is Okay)
[2020-03-18 17:15:25]DC-02 [7872] updated in the master list - MSG RECEIVED - Status 00 (Everything Is Okay)
[2020-03-18 17:15:25]DC-02 [7872] updated in the master list - MSG RECEIVED - Status 00 (Everything Is Okay)
[2020-03-18 17:15:25]DC-01 [7872] added to the master list - NEW DC -Status 0 (Everthing is OKAY)
[2020-03-18 17:15:26]DC-03 [7874] updated in the master list - MSG RECEIVED - Status 00 (Everything Is Okay)
[2020-03-18 17:15:26]DC-03 [7874] updated in the master list - MSG RECEIVED - Status 00 (Everything Is Okay)
[2020-03-18 17:15:26]DC-03 [7874] updated in the master list - MSG RECEIVED - Status 00 (Everything Is Okay)
[2020-03-18 17:15:26]DC-03 [7874] updated in the master list - MSG RECEIVED - Status 00 (Everything Is Okay)
[2020-03-18 17:15:26]DC-03 [7874] updated in the master list - MSG RECEIVED - Status 00 (Everything Is Okay)
[2020-03-18 17:15:26]DC-03 [7874] updated in the master list - MSG RECEIVED - Status 00 (Everything Is Okay)
[2020-03-18 17:15:26]DC-03 [7874] updated in the master list - MSG RECEIVED - Status 00 (Everything Is Okay)
[2020-03-18 17:15:26]DC-03 [7874] updated in the master list - MSG RECEIVED - Status 00 (Everything Is Okay)
[2020-03-18 17:15:26]DC-03 [7874] updated in the master list - MSG RECEIVED - Status 00 (Everything Is Okay)
[2020-03-18 17:15:26]DC-03 [7874] updated in the master list - MSG RECEIVED - Status 00 (Everything Is Okay)
[2020-03-18 17:15:26]DC-02 [7874] added to the master list - NEW DC -Status 0 (Everthing is OKAY)
[2020-03-18 17:15:28]DC-04 [7876] updated in the master list - MSG RECEIVED - Status 00 (Everything Is Okay)
[2020-03-18 17:15:28]DC-04 [7876] updated in the master list - MSG RECEIVED - Status 00 (Everything Is Okay)
[2020-03-18 17:15:28]DC-04 [7876] updated in the master list - MSG RECEIVED - Status 00 (Everything Is Okay)
[2020-03-18 17:15:28]DC-04 [7876] updated in the master list - MSG RECEIVED - Status 00 (Everything Is Okay)
[2020-03-18 17:15:28]DC-04 [7876] updated in the master list - MSG RECEIVED - Status 00 (Everything Is Okay)
[2020-03-18 17:15:28]DC-04 [7876] updated in the master list - MSG RECEIVED - Status 00 (Everything Is Okay)
[2020-03-18 17:15:28]DC-04 [7876] updated in the master list - MSG RECEIVED - Status 00 (Everything Is Okay)
[2020-03-18 17:15:28]DC-04 [7876] updated in the master list - MSG RECEIVED - Status 00 (Everything Is Okay)
[2020-03-18 17:15:28]DC-04 [7876] updated in the master list - MSG RECEIVED - Status 00 (Everything Is Okay)
[2020-03-18 17:15:28]DC-04 [7876] updated in the master list - MSG RECEIVED - Status 00 (Everything Is Okay)
[2020-03-18 17:15:28]DC-03 [7876] added to the master list - NEW DC -Status 0 (Everthing is OKAY)
[2020-03-18 17:15:29]DC-05 [7878] updated in the master list - MSG RECEIVED - Status 00 (Everything Is Okay)
[2020-03-18 17:15:29]DC-05 [7878] updated in the master list - MSG RECEIVED - Status 00 (Everything Is Okay)
[2020-03-18 17:15:29]DC-05 [7878] updated in the master list - MSG RECEIVED - Status 00 (Everything Is Okay)
[2020-03-18 17:15:29]DC-05 [7878] updated in the master list - MSG RECEIVED - Status 00 (Everything Is Okay)
[2020-03-18 17:15:29]DC-05 [7878] updated in the master list - MSG RECEIVED - Status 00 (Everything Is Okay)
[2020-03-18 17:15:29]DC-05 [7878] updated in the master list - MSG RECEIVED - Status 00 (Everything Is Okay)
[2020-03-18 17:15:29]DC-05 [7878] updated in the master list - MSG RECEIVED - Status 00 (Everything Is Okay)
[2020-03-18 17:15:29]DC-05 [7878] updated in the master list - MSG RECEIVED - Status 00 (Everything Is Okay)
[2020-03-18 17:15:29]DC-05 [7878] updated in the master list - MSG RECEIVED - Status 00 (Everything Is Okay)
[2020-03-18 17:15:29]DC-05 [7878] updated in the master list - MSG RECEIVED - Status 00 (Everything Is Okay)
[2020-03-18 17:15:29]DC-04 [7878] added to the master list - NEW DC -Status 0 (Everthing is OKAY)
[2020-03-18 17:15:31]DC-06 [7880] updated in the master list - MSG RECEIVED - Status 00 (Everything Is Okay)
[2020-03-18 17:15:31]DC-06 [7880] updated in the master list - MSG RECEIVED - Status 00 (Everything Is Okay)
[2020-03-18 17:15:31]DC-06 [7880] updated in the master list - MSG RECEIVED - Status 00 (Everything Is Okay)
[2020-03-18 17:15:31]DC-06 [7880] updated in the master list - MSG RECEIVED - Status 00 (Everything Is Okay)
[2020-03-18 17:15:31]DC-06 [7880] updated in the master list - MSG RECEIVED - Status 00 (Everything Is Okay)
[2020-03-18 17:15:31]DC-06 [7880] updated in the master list - MSG RECEIVED - Status 00 (Everything Is Okay)
[2020-03-18 17:15:31]DC-06 [7880] updated in the master list - MSG RECEIVED - Status 00 (Everything Is Okay)
[2020-03-18 17:15:31]DC-06 [7880] updated in the master list - MSG RECEIVED - Status 00 (Everything Is Okay)
[2020-03-18 17:15:31]DC-06 [7880] updated in the master list - MSG RECEIVED - Status 00 (Everything Is Okay)
[2020-03-18 17:15:31]DC-06 [7880] updated in the master list - MSG RECEIVED - Status 00 (Everything Is Okay)
[2020-03-18 17:15:31]DC-05 [7880] added to the master list - NEW DC -Status 0 (Everthing is OKAY)
[2020-03-18 17:15:32]DC-07 [7882] updated in the master list - MSG RECEIVED - Status 00 (Everything Is Okay)
[2020-03-18 17:15:32]DC-07 [7882] updated in the master list - MSG RECEIVED - Status 00 (Everything Is Okay)
[2020-03-18 17:15:32]DC-07 [7882] updated in the master list - MSG RECEIVED - Status 00 (Everything Is Okay)
[2020-03-18 17:15:32]DC-07 [7882] updated in the master list - MSG RECEIVED - Status 00 (Everything Is Okay)
[2020-03-18 17:15:32]DC-07 [7882] updated in the master list - MSG RECEIVED - Status 00 (Everything Is Okay)
[2020-03-18 17:15:32]DC-07 [7882] updated in the master list - MSG RECEIVED - Status 00 (Everything Is Okay)
[2020-03-18 17:15:32]DC-07 [7882] updated in the master list - MSG RECEIVED - Status 00 (Everything Is Okay)
[2020-03-18 17:15:32]DC-07 [7882] updated in the master list - MSG RECEIVED - Status 00 (Everything Is Okay)
[2020-03-18 17:15:32]DC-07 [7882] updated in the master list - MSG RECEIVED - Status 00 (Everything Is Okay)
[2020-03-18 17:15:32]DC-07 [7882] updated in the master list - MSG RECEIVED - Status 00 (Everything Is Okay)
[2020-03-18 17:15:32]DC-06 [7882] added to the master list - NEW DC -Status 0 (Everthing is OKAY)
[2020-03-18 17:15:34]DC-08 [7884] updated in the master list - MSG RECEIVED - Status 00 (Everything Is Okay)
[2020-03-18 17:15:34]DC-08 [7884] updated in the master list - MSG RECEIVED - Status 00 (Everything Is Okay)
[2020-03-18 17:15:34]DC-08 [7884] updated in the master list - MSG RECEIVED - Status 00 (Everything Is Okay)
[2020-03-18 17:15:34]DC-08 [7884] updated in the master list - MSG RECEIVED - Status 00 (Everything Is Okay)
[2020-03-18 17:15:34]DC-08 [7884] updated in the master list - MSG RECEIVED - Status 00 (Everything Is Okay)
[2020-03-18 17:15:34]DC-08 [7884] updated in the master list - MSG RECEIVED - Status 00 (Everything Is Okay)
[2020-03-18 17:15:34]DC-08 [7884] updated in the master list - MSG RECEIVED - Status 00 (Everything Is Okay)
[2020-03-18 17:15:34]DC-08 [7884] updated in the master list - MSG RECEIVED - Status 00 (Everything Is Okay)
[2020-03-18 17:15:34]DC-08 [7884] updated in the master list - MSG RECEIVED - Status 00 (Everything Is Okay)
[2020-03-18 17:15:34]DC-08 [7884] updated in the master list - MSG RECEIVED - Status 00 (Everything Is Okay)
[2020-03-18 17:15:34]DC-07 [7884] added to the master list - NEW DC -Status 0 (Everthing is OKAY)
[2020-03-18 17:15:35]DC-09 [7886] updated in the master list - MSG RECEIVED - Status 00 (Everything Is Okay)
[2020-03-18 17:15:35]DC-09 [7886] updated in the master list - MSG RECEIVED - Status 00 (Everything Is Okay)
[2020-03-18 17:15:35]DC-09 [7886] updated in the master list - MSG RECEIVED - Status 00 (Everything Is Okay)
[2020-03-18 17:15:35]DC-09 [7886] updated in the master list - MSG RECEIVED - Status 00 (Everything Is Okay)
[2020-03-18 17:15:35]DC-09 [7886] updated in the master list - MSG RECEIVED - Status 00 (Everything Is Okay)
[2020-03-18 17:15:35]DC-09 [7886] updated in the master list - MSG RECEIVED - Status 00 (Everything Is Okay)
[2020-03-18 17:15:35]DC-09 [7886] updated in the master list - MSG RECEIVED - Status 00 (Everything Is Okay)
[2020-03-18 17:15:35]DC-09 [7886] updated in the master list - MSG RECEIVED - Status 00 (Everything Is Okay)
[2020-03-18 17:15:35]DC-09 [7886] updated in the master list - MSG RECEIVED - Status 00 (Everything Is Okay)
[2020-03-18 17:15:35]DC-09 [7886] updated in the master list - MSG RECEIVED - Status 00 (Everything Is Okay)
[2020-03-18 17:15:35]DC-08 [7886] added to the master list - NEW DC -Status 0 (Everthing is OKAY)
[2020-03-18 17:15:37]DC-10 [7888] updated in the master list - MSG RECEIVED - Status 00 (Everything Is Okay)
[2020-03-18 17:15:37]DC-10 [7888] updated in the master list - MSG RECEIVED - Status 00 (Everything Is Okay)
[2020-03-18 17:15:37]DC-10 [7888] updated in the master list - MSG RECEIVED - Status 00 (Everything Is Okay)
[2020-03-18 17:15:37]DC-10 [7888] updated in the master list - MSG RECEIVED - Status 00 (Everything Is Okay)
[2020-03-18 17:15:37]DC-10 [7888] updated in the master list - MSG RECEIVED - Status 00 (Everything Is Okay)
[2020-03-18 17:15:37]DC-10 [7888] updated in the master list - MSG RECEIVED - Status 00 (Everything Is Okay)
[2020-03-18 17:15:37]DC-10 [7888] updated in the master list - MSG RECEIVED - Status 00 (Everything Is Okay)
[2020-03-18 17:15:37]DC-10 [7888] updated in the master list - MSG RECEIVED - Status 00 (Everything Is Okay)
[2020-03-18 17:15:37]DC-10 [7888] updated in the master list - MSG RECEIVED - Status 00 (Everything Is Okay)
[2020-03-18 17:15:37]DC-10 [7888] updated in the master list - MSG RECEIVED - Status 00 (Everything Is Okay)
[2020-03-18 17:15:37]DC-09 [7888] added to the master list - NEW DC -Status 0 (Everthing is OKAY)
[2020-03-18 17:15:38]DC-02 [7874] updated in the master list - MSG RECEIVED - Status 02 (Safety Button Failure)
[2020-03-18 17:15:38]DC-02 [7874] updated in the master list - MSG RECEIVED - Status 02 (Safety Button Failure)
[2020-03-18 17:15:38]DC-02 [7874] updated in the master list - MSG RECEIVED - Status 02 (Safety Button Failure)
[2020-03-18 17:15:38]DC-02 [7874] updated in the master list - MSG RECE2020-03-18 17:15:04]DC-11 [7786] updated in the master list - MSG RECEIVED - Status 01 (Hydraulic Pressure Failure)
[2020-03-18 17:15:04]DC-11 [7786] updated in the master list - MSG RECEIVED - Status 01 (Hydraulic Pressure Failure)
[2020-03-18 17:15:04]DC-11 [7786] updated in the master list - MSG RECEIVED - Status 01 (Hydraulic Pressure Failure)
[2020-03-18 17:15:04]DC-11 [7786] updated in the master list - MSG RECEIVED - Status 01 (Hydraulic Pressure Failure)
[2020-03-18 17:15:04]DC-11 [7786] updated in the master list - MSG RECEIVED - Status 01 (Hydraulic Pressure Failure)
[2020-03-18 17:15:04]DC-11 [7786] updated in the master list - MSG RECEIVED - Status 01 (Hydraulic Pressure Failure)IVED - Status 02 (Safety Button Failure)
[2020-03-18 17:15:38]DC-02 [7874] updated in the master list - MSG RECEIVED - Status 02 (Safety Button Failure)
[2020-03-18 17:15:38]DC-02 [7874] updated in the master list - MSG RECEIVED - Status 02 (Safety Button Failure)
[2020-03-18 17:15:38]DC-02 [7874] updated in the master list - MSG RECEIVED - Status 02 (Safety Button Failure)
[2020-03-18 17:15:38]DC-02 [7874] updated in the master list - MSG RECEIVED - Status 02 (Safety Button Failure)
[2020-03-18 17:15:38]DC-02 [7874] updated in the master list - MSG RECEIVED - Status 02 (Safety Button Failure)
[2020-03-18 17:15:38]DC-02 [7874] updated in the master list - MSG RECEIVED - Status 02 (Safety Button Failure)
[2020-03-18 17:15:40]DC-00 [7870] updated in the master list - MSG RECEIVED - Status 04 (Operating Temperature Out of Range)
[2020-03-18 17:15:40]DC-00 [7870] updated in the master list - MSG RECEIVED - Status 04 (Operating Temperature Out of Range)
[2020-03-18 17:15:40]DC-00 [7870] updated in the master list - MSG RECEIVED - Status 04 (Operating Temperature Out of Range)
[2020-03-18 17:15:40]DC-00 [7870] updated in the master list - MSG RECEIVED - Status 04 (Operating Temperature Out of Range)
[2020-03-18 17:15:40]DC-00 [7870] updated in the master list - MSG RECEIVED - Status 04 (Operating Temperature Out of Range)
[2020-03-18 17:15:40]DC-00 [7870] updated in the master list - MSG RECEIVED - Status 04 (Operating Temperature Out of Range)
[2020-03-18 17:15:40]DC-00 [7870] updated in the master list - MSG RECEIVED - Status 04 (Operating Temperature Out of Range)
[2020-03-18 17:15:40]DC-00 [7870] updated in the master list - MSG RECEIVED - Status 04 (Operating Temperature Out of Range)
[2020-03-18 17:15:40]DC-00 [7870] updated in the master list - MSG RECEIVED - Status 04 (Operating Temperature Out of Range)
[2020-03-18 17:15:40]DC-00 [7870] updated in the master list - MSG RECEIVED - Status 04 (Operating Temperature Out of Range)
[2020-03-18 17:15:41]DC-03 [7876] updated in the master list - MSG RECEIVED - Status 02 (Safety Button Failure)
[2020-03-18 17:15:41]DC-03 [7876] updated in the master list - MSG RECEIVED - Status 02 (Safety Button Failure)
[2020-03-18 17:15:41]DC-03 [7876] updated in the master list - MSG RECEIVED - Status 02 (Safety Button Failure)
[2020-03-18 17:15:41]DC-03 [7876] updated in the master list - MSG RECEIVED - Status 02 (Safety Button Failure)
[2020-03-18 17:15:41]DC-03 [7876] updated in the master list - MSG RECEIVED - Status 02 (Safety Button Failure)
[2020-03-18 17:15:41]DC-03 [7876] updated in the master list - MSG RECEIVED - Status 02 (Safety Button Failure)
[2020-03-18 17:15:41]DC-03 [7876] updated in the master list - MSG RECEIVED - Status 02 (Safety Button Failure)
[2020-03-18 17:15:41]DC-03 [7876] updated in the master list - MSG RECEIVED - Status 02 (Safety Button Failure)
[2020-03-18 17:15:41]DC-03 [7876] updated in the master list - MSG RECEIVED - Status 02 (Safety Button Failure)
[2020-03-18 17:15:41]DC-03 [7876] updated in the master list - MSG RECEIVED - Status 02 (Safety Button Failure)
[2020-03-18 17:15:43]DC-01 [7872] updated in the master list - MSG RECEIVED - Status 06 (Machine Offline)
[2020-03-18 17:15:43]DC-00 [7872] has gone OFFLINE - removing from master-list
[2020-03-18 17:15:43]DC-00 [7872] has gone OFFLINE - removing from master-list
[2020-03-18 17:15:43]DC-01 [7872] has gone OFFLINE - removing from master-list
[2020-03-18 17:15:43]DC-01 [7872] has gone OFFLINE - removing from master-list
[2020-03-18 17:15:43]DC-02 [7872] has gone OFFLINE - removing from master-list
[2020-03-18 17:15:43]DC-02 [7872] has gone OFFLINE - removing from master-list
[2020-03-18 17:15:43]DC-03 [7872] has gone OFFLINE - removing from master-list
[2020-03-18 17:15:43]DC-03 [7872] has gone OFFLINE - removing from master-list
[2020-03-18 17:15:43]DC-04 [7872] has gone OFFLINE - removing from master-list
[2020-03-18 17:15:43]DC-04 [7872] has gone OFFLINE - removing from master-list
[2020-03-18 17:15:43]DC-05 [7872] has gone OFFLINE - removing from master-list
[2020-03-18 17:15:43]DC-05 [7872] has gone OFFLINE - removing from master-list
[2020-03-18 17:15:43]DC-06 [7872] has gone OFFLINE - removing from master-list
[2020-03-18 17:15:43]DC-06 [7872] has gone OFFLINE - removing from master-list
[2020-03-18 17:15:43]DC-07 [7872] has gone OFFLINE - removing from master-list
[2020-03-18 17:15:43]DC-07 [7872] has gone OFFLINE - removing from master-list
[2020-03-18 17:15:43]DC-08 [7872] has gone OFFLINE - removing from master-list
[2020-03-18 17:15:43]DC-08 [7872] has gone OFFLINE - removing from master-list
[2020-03-18 17:15:43]DC-09 [7872] has gone OFFLINE - removing from master-list
[2020-03-18 17:15:44]DC-04 [7878] updated in the master list - MSG RECEIVED - Status 03 (No Raw Material In Process)
[2020-03-18 17:15:44]DC-04 [7878] updated in the master list - MSG RECEIVED - Status 03 (No Raw Material In Process)
[2020-03-18 17:15:44]DC-04 [7878] updated in the master list - MSG RECEIVED - Status 03 (No Raw Material In Process)
[2020-03-18 17:15:44]DC-04 [7878] updated in the master list - MSG RECEIVED - Status 03 (No Raw Material In Process)
[2020-03-18 17:15:44]DC-04 [7878] updated in the master list - MSG RECEIVED - Status 03 (No Raw Material In Process)
[2020-03-18 17:15:44]DC-04 [7878] updated in the master list - MSG RECEIVED - Status 03 (No Raw Material In Process)
[2020-03-18 17:15:44]DC-04 [7878] updated in the master list - MSG RECEIVED - Status 03 (No Raw Material In Process)
[2020-03-18 17:15:44]DC-04 [7878] updated in the master list - MSG RECEIVED - Status 03 (No Raw Material In Process)
[2020-03-18 17:15:44]DC-04 [7878] updated in the master list - MSG RECEIVED - Status 03 (No Raw Material In Process)
[2020-03-18 17:15:44]DC-04 [7878] updated in the master list - MSG RECEIVED - Status 03 (No Raw Material In Process)
[2020-03-18 17:15:46]DC-07 [7884] updated in the master list - MSG RECEIVED - Status 04 (Operating Temperature Out of Range)
[2020-03-18 17:15:46]DC-07 [7884] updated in the master list - MSG RECEIVED - Status 04 (Operating Temperature Out of Range)
[2020-03-18 17:15:46]DC-07 [7884] updated in the master list - MSG RECEIVED - Status 04 (Operating Temperature Out of Range)
[2020-03-18 17:15:46]DC-07 [7884] updated in the master list - MSG RECEIVED - Status 04 (Operating Temperature Out of Range)
[2020-03-18 17:15:46]DC-07 [7884] updated in the master list - MSG RECEIVED - Status 04 (Operating Temperature Out of Range)
[2020-03-18 17:15:46]DC-07 [7884] updated in the master list - MSG RECEIVED - Status 04 (Operating Temperature Out of Range)
[2020-03-18 17:15:46]DC-07 [7884] updated in the master list - MSG RECEIVED - Status 04 (Operating Temperature Out of Range)
[2020-03-18 17:15:46]DC-07 [7884] updated in the master list - MSG RECEIVED - Status 04 (Operating Temperature Out of Range)
[2020-03-18 17:15:46]DC-07 [7884] updated in the master list - MSG RECEIVED - Status 04 (Operating Temperature Out of Range)
[2020-03-18 17:15:46]DC-07 [7884] updated in the master list - MSG RECEIVED - Status 04 (Operating Temperature Out of Range)
[2020-03-18 17:15:47]DC-08 [7886] updated in the master list - MSG RECEIVED - Status 03 (No Raw Material In Process)
[2020-03-18 17:15:47]DC-08 [7886] updated in the master list - MSG RECEIVED - Status 03 (No Raw Material In Process)
[2020-03-18 17:15:47]DC-08 [7886] updated in the master list - MSG RECEIVED - Status 03 (No Raw Material In Process)
[2020-03-18 17:15:47]DC-08 [7886] updated in the master list - MSG RECEIVED - Status 03 (No Raw Material In Process)
[2020-03-18 17:15:47]DC-08 [7886] updated in the master list - MSG RECEIVED - Status 03 (No Raw Material In Process)
[2020-03-18 17:15:47]DC-08 [7886] updated in the master list - MSG RECEIVED - Status 03 (No Raw Material In Process)
[2020-03-18 17:15:47]DC-08 [7886] updated in the master list - MSG RECEIVED - Status 03 (No Raw Material In Process)
[2020-03-18 17:15:47]DC-08 [7886] updated in the master list - MSG RECEIVED - Status 03 (No Raw Material In Process)
[2020-03-18 17:15:47]DC-08 [7886] updated in the master list - MSG RECEIVED - Status 03 (No Raw Material In Process)
[2020-03-18 17:15:47]DC-08 [7886] updated in the master list - MSG RECEIVED - Status 03 (No Raw Material In Process)
[2020-03-18 17:15:49]DC-06 [7882] updated in the master list - MSG RECEIVED - Status 00 (Everything Is Okay)
[2020-03-18 17:15:49]DC-06 [7882] updated in the master list - MSG RECEIVED - Status 00 (Everything Is Okay)
[2020-03-18 17:15:49]DC-06 [7882] updated in the master list - MSG RECEIVED - Status 00 (Everything Is Okay)
[2020-03-18 17:15:49]DC-06 [7882] updated in the master list - MSG RECEIVED - Status 00 (Everything Is Okay)
[2020-03-18 17:15:49]DC-06 [7882] updated in the master list - MSG RECEIVED - Status 00 (Everything Is Okay)
[2020-03-18 17:15:49]DC-06 [7882] updated in the master list - MSG RECEIVED - Status 00 (Everything Is Okay)
[2020-03-18 17:15:49]DC-06 [7882] updated in the master list - MSG RECEIVED - Status 00 (Everything Is Okay)
[2020-03-18 17:15:49]DC-06 [7882] updated in the master list - MSG RECEIVED - Status 00 (Everything Is Okay)
[2020-03-18 17:15:49]DC-06 [7882] updated in the master list - MSG RECEIVED - Status 00 (Everything Is Okay)
[2020-03-18 17:15:49]DC-06 [7882] updated in the master list - MSG RECEIVED - Status 00 (Everything Is Okay)
[2020-03-18 17:15:50]DC-09 [7888] updated in the master list - MSG RECEIVED - Status 06 (Machine Offline)
[2020-03-18 17:15:50]DC-00 [7888] has gone OFFLINE - removing from master-list
[2020-03-18 17:15:50]DC-00 [7888] has gone OFFLINE - removing from master-list
[2020-03-18 17:15:50]DC-01 [7888] has gone OFFLINE - removing from master-list
[2020-03-18 17:15:50]DC-01 [7888] has gone OFFLINE - removing from master-list
[2020-03-18 17:15:50]DC-02 [7888] has gone OFFLINE - removing from master-list
[2020-03-18 17:15:50]DC-02 [7888] has gone OFFLINE - removing from master-list
[2020-03-18 17:15:50]DC-03 [7888] has gone OFFLINE - removing from master-list
[2020-03-18 17:15:50]DC-03 [7888] has gone OFFLINE - removing from master-list
[2020-03-18 17:15:50]DC-04 [7888] has gone OFFLINE - removing from master-list
[2020-03-18 17:15:50]DC-04 [7888] has gone OFFLINE - removing from master-list
[2020-03-18 17:15:50]DC-05 [7888] has gone OFFLINE - removing from master-list
[2020-03-18 17:15:50]DC-05 [7888] has gone OFFLINE - removing from master-list
[2020-03-18 17:15:50]DC-06 [7888] has gone OFFLINE - removing from master-list
[2020-03-18 17:15:50]DC-06 [7888] has gone OFFLINE - removing from master-list
[2020-03-18 17:15:50]DC-07 [7888] has gone OFFLINE - removing from master-list
[2020-03-18 17:15:50]DC-07 [7888] has gone OFFLINE - removing from master-list
[2020-03-18 17:15:50]DC-08 [7888] has gone OFFLINE - removing from master-list
[2020-03-18 17:15:50]DC-08 [7888] has gone OFFLINE - removing from master-list
[2020-03-18 17:15:50]DC-09 [7888] has gone OFFLINE - removing from master-list
[2020-03-18 17:15:52]DC-02 [7874] updated in the master list - MSG RECEIVED - Status 02 (Safety Button Failure)
[2020-03-18 17:15:52]DC-02 [7874] updated in the master list - MSG RECEIVED - Status 02 (Safety Button Failure)
[2020-03-18 17:15:52]DC-02 [7874] updated in the master list - MSG RECEIVED - Status 02 (Safety Button Failure)
[2020-03-18 17:15:52]DC-02 [7874] updated in the master list - MSG RECEIVED - Status 02 (Safety Button Failure)
[2020-03-18 17:15:52]DC-02 [7874] updated in the master list - MSG RECEIVED - Status 02 (Safety Button Failure)
[2020-03-18 17:15:52]DC-02 [7874] updated in the master list - MSG RECEIVED - Status 02 (Safety Button Failure)
[2020-03-18 17:15:52]DC-02 [7874] updated in the master list - MSG RECEIVED - Status 02 (Safety Button Failure)
[2020-03-18 17:15:52]DC-02 [7874] updated in the master list - MSG RECEIVED - Status 02 (Safety Button Failure)
[2020-03-18 17:15:52]DC-02 [7874] updated in the master list - MSG RECEIVED - Status 02 (Safety Button Failure)
[2020-03-18 17:15:52]DC-02 [7874] updated in the master list - MSG RECEIVED - Status 02 (Safety Button Failure)
[2020-03-18 17:15:53]DC-05 [7880] updated in the master list - MSG RECEIVED - Status 06 (Machine Offline)
[2020-03-18 17:15:53]DC-00 [7880] has gone OFFLINE - removing from master-list
[2020-03-18 17:15:53]DC-00 [7880] has gone OFFLINE - removing from master-list
[2020-03-18 17:15:53]DC-01 [7880] has gone OFFLINE - removing from master-list
[2020-03-18 17:15:53]DC-01 [7880] has gone OFFLINE - removing from master-list
[2020-03-18 17:15:53]DC-02 [7880] has gone OFFLINE - removing from master-list
[2020-03-18 17:15:53]DC-02 [7880] has gone OFFLINE - removing from master-list
[2020-03-18 17:15:53]DC-03 [7880] has gone OFFLINE - removing from master-list
[2020-03-18 17:15:53]DC-03 [7880] has gone OFFLINE - removing from master-list
[2020-03-18 17:15:53]DC-04 [7880] has gone OFFLINE - removing from master-list
[2020-03-18 17:15:53]DC-04 [7880] has gone OFFLINE - removing from master-list
[2020-03-18 17:15:53]DC-05 [7880] has gone OFFLINE - removing from master-list
[2020-03-18 17:15:53]DC-05 [7880] has gone OFFLINE - removing from master-list
[2020-03-18 17:15:53]DC-06 [7880] has gone OFFLINE - removing from master-list
[2020-03-18 17:15:53]DC-06 [7880] has gone OFFLINE - removing from master-list
[2020-03-18 17:15:53]DC-07 [7880] has gone OFFLINE - removing from master-list
[2020-03-18 17:15:53]DC-07 [7880] has gone OFFLINE - removing from master-list
[2020-03-18 17:15:53]DC-08 [7880] has gone OFFLINE - removing from master-list
[2020-03-18 17:15:53]DC-08 [7880] has gone OFFLINE - removing from master-list
[2020-03-18 17:15:53]DC-09 [7880] has gone OFFLINE - removing from master-list
[2020-03-18 17:15:55]DC-07 [7884] updated in the master list - MSG RECEIVED - Status 03 (No Raw Material In Process)
[2020-03-18 17:15:55]DC-07 [7884] updated in the master list - MSG RECEIVED - Status 03 (No Raw Material In Process)
[2020-03-18 17:15:55]DC-07 [7884] updated in the master list - MSG RECEIVED - Status 03 (No Raw Material In Process)
[2020-03-18 17:15:55]DC-07 [7884] updated in the master list - MSG RECEIVED - Status 03 (No Raw Material In Process)
[2020-03-18 17:15:55]DC-07 [7884] updated in the master list - MSG RECEIVED - Status 03 (No Raw Material In Process)
[2020-03-18 17:15:55]DC-07 [7884] updated in the master list - MSG RECEIVED - Status 03 (No Raw Material In Process)
[2020-03-18 17:15:55]DC-07 [7884] updated in the master list - MSG RECEIVED - Status 03 (No Raw Material In Process)
[2020-03-18 17:15:55]DC-07 [7884] updated in the master list - MSG RECEIVED - Status 03 (No Raw Material In Process)
[2020-03-18 17:15:55]DC-07 [7884] updated in the master list - MSG RECEIVED - Status 03 (No Raw Material In Process)
[2020-03-18 17:15:55]DC-07 [7884] updated in the master list - MSG RECEIVED - Status 03 (No Raw Material In Process)
[2020-03-18 17:15:56]DC-03 [7876] updated in the master list - MSG RECEIVED - Status 05 (Operator Error)
[2020-03-18 17:15:56]DC-03 [7876] updated in the master list - MSG RECEIVED - Status 05 (Operator Error)
[2020-03-18 17:15:56]DC-03 [7876] updated in the master list - MSG RECEIVED - Status 05 (Operator Error)
[2020-03-18 17:15:56]DC-03 [7876] updated in the master list - MSG RECEIVED - Status 05 (Operator Error)
[2020-03-18 17:15:56]DC-03 [7876] updated in the master list - MSG RECEIVED - Status 05 (Operator Error)
[2020-03-18 17:15:56]DC-03 [7876] updated in the master list - MSG RECEIVED - Status 05 (Operator Error)
[2020-03-18 17:15:56]DC-03 [7876] updated in the master list - MSG RECEIVED - Status 05 (Operator Error)
[2020-03-18 17:15:56]DC-03 [7876] updated in the master list - MSG RECEIVED - Status 05 (Operator Error)
[2020-03-18 17:15:56]DC-03 [7876] updated in the master list - MSG RECEIVED - Status 05 (Operator Error)
[2020-03-18 17:15:56]DC-03 [7876] updated in the master list - MSG RECEIVED - Status 05 (Operator Error)
[2020-03-18 17:15:58]DC-06 [7882] updated in the master list - MSG RECEIVED - Status 06 (Machine Offline)
[2020-03-18 17:15:58]DC-00 [7882] has gone OFFLINE - removing from master-list
[2020-03-18 17:15:58]DC-00 [7882] has gone OFFLINE - removing from master-list
[2020-03-18 17:15:58]DC-01 [7882] has gone OFFLINE - removing from master-list
[2020-03-18 17:15:58]DC-01 [7882] has gone OFFLINE - removing from master-list
[2020-03-18 17:15:58]DC-02 [7882] has gone OFFLINE - removing from master-list
[2020-03-18 17:15:58]DC-02 [7882] has gone OFFLINE - removing from master-list
[2020-03-18 17:15:58]DC-03 [7882] has gone OFFLINE - removing from master-list
[2020-03-18 17:15:58]DC-03 [7882] has gone OFFLINE - removing from master-list
[2020-03-18 17:15:58]DC-04 [7882] has gone OFFLINE - removing from master-list
[2020-03-18 17:15:58]DC-04 [7882] has gone OFFLINE - removing from master-list
[2020-03-18 17:15:58]DC-05 [7882] has gone OFFLINE - removing from master-list
[2020-03-18 17:15:58]DC-05 [7882] has gone OFFLINE - removing from master-list
[2020-03-18 17:15:58]DC-06 [7882] has gone OFFLINE - removing from master-list
[2020-03-18 17:15:58]DC-06 [7882] has gone OFFLINE - removing from master-list
[2020-03-18 17:15:58]DC-07 [7882] has gone OFFLINE - removing from master-list
[2020-03-18 17:15:58]DC-07 [7882] has gone OFFLINE - removing from master-list
[2020-03-18 17:15:58]DC-08 [7882] has gone OFFLINE - removing from master-list
[2020-03-18 17:15:58]DC-08 [7882] has gone OFFLINE - removing from master-list
[2020-03-18 17:15:58]DC-09 [7882] has gone OFFLINE - removing from master-list
[2020-03-18 17:15:59]DC-00 [7870] updated in the master list - MSG RECEIVED - Status 06 (Machine Offline)
[2020-03-18 17:15:59]DC-00 [7870] has gone OFFLINE - removing from master-list
[2020-03-18 17:15:59]DC-00 [7870] has gone OFFLINE - removing from master-list
[2020-03-18 17:15:59]DC-01 [7870] has gone OFFLINE - removing from master-list
[2020-03-18 17:15:59]DC-01 [7870] has gone OFFLINE - removing from master-list
[2020-03-18 17:15:59]DC-02 [7870] has gone OFFLINE - removing from master-list
[2020-03-18 17:15:59]DC-02 [7870] has gone OFFLINE - removing from master-list
[2020-03-18 17:15:59]DC-03 [7870] has gone OFFLINE - removing from master-list
[2020-03-18 17:15:59]DC-03 [7870] has gone OFFLINE - removing from master-list
[2020-03-18 17:15:59]DC-04 [7870] has gone OFFLINE - removing from master-list
[2020-03-18 17:15:59]DC-04 [7870] has gone OFFLINE - removing from master-list
[2020-03-18 17:15:59]DC-05 [7870] has gone OFFLINE - removing from master-list
[2020-03-18 17:15:59]DC-05 [7870] has gone OFFLINE - removing from master-list
[2020-03-18 17:15:59]DC-06 [7870] has gone OFFLINE - removing from master-list
[2020-03-18 17:15:59]DC-06 [7870] has gone OFFLINE - removing from master-list
[2020-03-18 17:15:59]DC-07 [7870] has gone OFFLINE - removing from master-list
[2020-03-18 17:15:59]DC-07 [7870] has gone OFFLINE - removing from master-list
[2020-03-18 17:15:59]DC-08 [7870] has gone OFFLINE - removing from master-list
[2020-03-18 17:15:59]DC-08 [7870] has gone OFFLINE - removing from master-list
[2020-03-18 17:15:59]DC-09 [7870] has gone OFFLINE - removing from master-list
[2020-03-18 17:16:01]DC-08 [7886] updated in the master list - MSG RECEIVED - Status 06 (Machine Offline)
[2020-03-18 17:16:01]DC-00 [7886] has gone OFFLINE - removing from master-list
[2020-03-18 17:16:01]DC-00 [7886] has gone OFFLINE - removing from master-list
[2020-03-18 17:16:01]DC-01 [7886] has gone OFFLINE - removing from master-list
[2020-03-18 17:16:01]DC-01 [7886] has gone OFFLINE - removing from master-list
[2020-03-18 17:16:01]DC-02 [7886] has gone OFFLINE - removing from master-list
[2020-03-18 17:16:01]DC-02 [7886] has gone OFFLINE - removing from master-list
[2020-03-18 17:16:01]DC-03 [7886] has gone OFFLINE - removing from master-list
[2020-03-18 17:16:01]DC-03 [7886] has gone OFFLINE - removing from master-list
[2020-03-18 17:16:01]DC-04 [7886] has gone OFFLINE - removing from master-list
[2020-03-18 17:16:01]DC-04 [7886] has gone OFFLINE - removing from master-list
[2020-03-18 17:16:01]DC-05 [7886] has gone OFFLINE - removing from master-list
[2020-03-18 17:16:01]DC-05 [7886] has gone OFFLINE - removing from master-list
[2020-03-18 17:16:01]DC-06 [7886] has gone OFFLINE - removing from master-list
[2020-03-18 17:16:01]DC-06 [7886] has gone OFFLINE - removing from master-list
[2020-03-18 17:16:01]DC-07 [7886] has gone OFFLINE - removing from master-list
[2020-03-18 17:16:01]DC-07 [7886] has gone OFFLINE - removing from master-list
[2020-03-18 17:16:01]DC-08 [7886] has gone OFFLINE - removing from master-list
[2020-03-18 17:16:01]DC-08 [7886] has gone OFFLINE - removing from master-list
[2020-03-18 17:16:01]DC-09 [7886] has gone OFFLINE - removing from master-list
[2020-03-18 17:16:05]DC-07 [7884] updated in the master list - MSG RECEIVED - Status 06 (Machine Offline)
[2020-03-18 17:16:05]DC-00 [7884] has gone OFFLINE - removing from master-list
[2020-03-18 17:16:05]DC-00 [7884] has gone OFFLINE - removing from master-list
[2020-03-18 17:16:05]DC-01 [7884] has gone OFFLINE - removing from master-list
[2020-03-18 17:16:05]DC-01 [7884] has gone OFFLINE - removing from master-list
[2020-03-18 17:16:05]DC-02 [7884] has gone OFFLINE - removing from master-list
[2020-03-18 17:16:05]DC-02 [7884] has gone OFFLINE - removing from master-list
[2020-03-18 17:16:05]DC-03 [7884] has gone OFFLINE - removing from master-list
[2020-03-18 17:16:05]DC-03 [7884] has gone OFFLINE - removing from master-list
[2020-03-18 17:16:05]DC-04 [7884] has gone OFFLINE - removing from master-list
[2020-03-18 17:16:05]DC-04 [7884] has gone OFFLINE - removing from master-list
[2020-03-18 17:16:05]DC-05 [7884] has gone OFFLINE - removing from master-list
[2020-03-18 17:16:05]DC-05 [7884] has gone OFFLINE - removing from master-list
[2020-03-18 17:16:05]DC-06 [7884] has gone OFFLINE - removing from master-list
[2020-03-18 17:16:05]DC-06 [7884] has gone OFFLINE - removing from master-list
[2020-03-18 17:16:05]DC-07 [7884] has gone OFFLINE - removing from master-list
[2020-03-18 17:16:05]DC-07 [7884] has gone OFFLINE - removing from master-list
[2020-03-18 17:16:05]DC-08 [7884] has gone OFFLINE - removing from master-list
[2020-03-18 17:16:05]DC-08 [7884] has gone OFFLINE - removing from master-list
[2020-03-18 17:16:05]DC-09 [7884] has gone OFFLINE - removing from master-list
[2020-03-18 17:16:11]DC-03 [7876] updated in the master list - MSG RECEIVED - Status 05 (Operator Error)
[2020-03-18 17:16:11]DC-03 [7876] updated in the master list - MSG RECEIVED - Status 05 (Operator Error)
[2020-03-18 17:16:11]DC-03 [7876] updated in the master list - MSG RECEIVED - Status 05 (Operator Error)
[2020-03-18 17:16:11]DC-03 [7876] updated in the master list - MSG RECEIVED - Status 05 (Operator Error)
[2020-03-18 17:16:11]DC-03 [7876] updated in the master list - MSG RECEIVED - Status 05 (Operator Error)
[2020-03-18 17:16:11]DC-03 [7876] updated in the master list - MSG RECEIVED - Status 05 (Operator Error)
[2020-03-18 17:16:11]DC-03 [7876] updated in the master list - MSG RECEIVED - Status 05 (Operator Error)
[2020-03-18 17:16:11]DC-03 [7876] updated in the master list - MSG RECEIVED - Status 05 (Operator Error)
[2020-03-18 17:16:11]DC-03 [7876] updated in the master list - MSG RECEIVED - Status 05 (Operator Error)
[2020-03-18 17:16:11]DC-03 [7876] updated in the master list - MSG RECEIVED - Status 05 (Operator Error)
[2020-03-18 17:16:36]DC-03 [7876] updated in the master list - MSG RECEIVED - Status 02 (Safety Button Failure)
[2020-03-18 17:16:36]DC-03 [7876] updated in the master list - MSG RECEIVED - Status 02 (Safety Button Failure)
[2020-03-18 17:16:36]DC-03 [7876] updated in the master list - MSG RECEIVED - Status 02 (Safety Button Failure)
[2020-03-18 17:16:36]DC-03 [7876] updated in the master list - MSG RECEIVED - Status 02 (Safety Button Failure)
[2020-03-18 17:16:36]DC-03 [7876] updated in the master list - MSG RECEIVED - Status 02 (Safety Button Failure)
[2020-03-18 17:16:36]DC-03 [7876] updated in the master list - MSG RECEIVED - Status 02 (Safety Button Failure)
[2020-03-18 17:16:36]DC-03 [7876] updated in the master list - MSG RECEIVED - Status 02 (Safety Button Failure)
[2020-03-18 17:16:36]DC-03 [7876] updated in the master list - MSG RECEIVED - Status 02 (Safety Button Failure)
[2020-03-18 17:16:36]DC-03 [7876] updated in the master list - MSG RECEIVED - Status 02 (Safety Button Failure)
[2020-03-18 17:16:36]DC-03 [7876] updated in the master list - MSG RECEIVED - Status 02 (Safety Button Failure)